{
  "stats": {
    "suites": 1,
    "tests": 3,
    "passes": 3,
    "pending": 0,
    "failures": 0,
    "start": "2021-10-12T18:12:02.596Z",
    "end": "2021-10-12T18:12:19.908Z",
    "duration": 17312,
    "testsRegistered": 3,
    "passPercent": 100,
    "pendingPercent": 0,
    "other": 0,
    "hasOther": false,
    "skipped": 0,
    "hasSkipped": false
  },
  "results": [
    {
      "uuid": "a948afc1-4ee2-47c9-a60e-075c252696f0",
      "title": "",
      "fullFile": "cypress/integration/cadastrothunders.spec.js",
      "file": "cypress/integration/cadastrothunders.spec.js",
      "beforeHooks": [],
      "afterHooks": [],
      "tests": [],
      "suites": [
        {
          "uuid": "05f51035-5936-457d-a156-abb2eb34b37e",
          "title": "Cadastrar clientes Thunders - Automation Practice",
          "fullFile": "",
          "file": "",
          "beforeHooks": [],
          "afterHooks": [],
          "tests": [
            {
              "title": "Dado que esteja na página de cadastro do site Automation Practice",
              "fullTitle": "Cadastrar clientes Thunders - Automation Practice Dado que esteja na página de cadastro do site Automation Practice",
              "timedOut": null,
              "duration": 7440,
              "state": "passed",
              "speed": "slow",
              "pass": true,
              "fail": false,
              "pending": false,
              "context": null,
              "code": "cy.visit('http://automationpractice.com/index.php');\ncy.get('.login').click();\ncy.get('#SubmitCreate').should('exist');\ncy.get('#email_create').type(chance.email());\ncy.get('#SubmitCreate').click();\ncy.url().should('contain', 'account-creation');",
              "err": {},
              "uuid": "8da06ec6-e6f2-4073-81b0-4f5b53194778",
              "parentUUID": "05f51035-5936-457d-a156-abb2eb34b37e",
              "isHook": false,
              "skipped": false
            },
            {
              "title": "Quando preencher todos os campos obrigatórios e corretamente",
              "fullTitle": "Cadastrar clientes Thunders - Automation Practice Quando preencher todos os campos obrigatórios e corretamente",
              "timedOut": null,
              "duration": 7437,
              "state": "passed",
              "speed": "slow",
              "pass": true,
              "fail": false,
              "pending": false,
              "context": null,
              "code": "cy.get('[type=\"radio\"]').first().check();\ncy.get('input[name=customer_firstname]').type(chance.first());\ncy.get('input[name=customer_lastname]').type(chance.last());\ncy.get('#email').clear();\ncy.get('#email').type(chance.email());\ncy.get('input[name=passwd]').type('12345');\ncy.get('select#days').select('3', {\n  force: true\n});\ncy.get('select#months').select('June', {\n  force: true\n});\ncy.get('select#years').select('1987', {\n  force: true\n});\ncy.get('input[name=company]').type('Samuca LTDA');\ncy.get('input[name=address1]').type(chance.address());\ncy.get('input[name=city]').type(chance.city());\ncy.get('select#id_state').select('Alabama', {\n  force: true\n});\ncy.get('input[name=postcode]').type(chance.zip({\n  plustwo: true\n}));\ncy.get('#other').type('My phone number is +55 11 9.9898.9989');\ncy.get('#phone_mobile').type(chance.phone({\n  country: \"br\",\n  mobile: true\n}));\ncy.get('input[name=alias]').clear();\ncy.get('input[name=alias]').type('example');\ncy.get('#submitAccount').click();",
              "err": {},
              "uuid": "f2e2737e-8787-4de2-aebe-5821bac1a2a2",
              "parentUUID": "05f51035-5936-457d-a156-abb2eb34b37e",
              "isHook": false,
              "skipped": false
            },
            {
              "title": "Então o cadastro deverá ser realizado com sucesso",
              "fullTitle": "Cadastrar clientes Thunders - Automation Practice Então o cadastro deverá ser realizado com sucesso",
              "timedOut": null,
              "duration": 26,
              "state": "passed",
              "speed": "fast",
              "pass": true,
              "fail": false,
              "pending": false,
              "context": null,
              "code": "cy.get('.logout').should('exist');",
              "err": {},
              "uuid": "3f0fbaf2-ee6e-4207-a925-2f1278590ba5",
              "parentUUID": "05f51035-5936-457d-a156-abb2eb34b37e",
              "isHook": false,
              "skipped": false
            }
          ],
          "suites": [],
          "passes": [
            "8da06ec6-e6f2-4073-81b0-4f5b53194778",
            "f2e2737e-8787-4de2-aebe-5821bac1a2a2",
            "3f0fbaf2-ee6e-4207-a925-2f1278590ba5"
          ],
          "failures": [],
          "pending": [],
          "skipped": [],
          "duration": 14903,
          "root": false,
          "rootEmpty": false,
          "_timeout": 2000
        }
      ],
      "passes": [],
      "failures": [],
      "pending": [],
      "skipped": [],
      "duration": 0,
      "root": true,
      "rootEmpty": true,
      "_timeout": 2000
    }
  ],
  "meta": {
    "mocha": {
      "version": "7.0.1"
    },
    "mochawesome": {
      "options": {
        "quiet": true,
        "reportFilename": "mochawesome",
        "saveHtml": false,
        "saveJson": true,
        "consoleReporter": "spec",
        "useInlineDiffs": false,
        "code": true
      },
      "version": "6.3.1"
    },
    "marge": {
      "options": {
        "id": "default",
        "reportDir": "mochawesome-report",
        "quiet": true,
        "overwrite": false,
        "html": false,
        "json": true
      },
      "version": "5.2.0"
    }
  }
}